[0220/174058:ERROR:memory_mapped_file.cc(41)] Couldn't open C:\projects\ruby_shell\cef_binary_3.2171.1979_windows32\Debug\icudtl.dat
[0220/174058:ERROR:icu_util.cc(149)] Couldn't mmap C:\projects\ruby_shell\cef_binary_3.2171.1979_windows32\Debug\icudtl.dat
[0220/174058:FATAL:content_main_runner.cc(721)] Check failed: base::i18n::InitializeICU(). 
Backtrace:
	cef_trace_event_instant [0x10587E51+1495937]
	cef_trace_event_instant [0x104BE6DF+670735]
	SetCrashKeyValueImpl [0x148D4273+34324787]
	cef_string_list_value [0x1026D0B1+180721]
	cef_string_list_value [0x1026C3F7+177463]
	cef_initialize [0x101B3A46+390]
	CefInitialize [0x004E2722+322] (c:\projects\ruby_shell\cef_binary_3.2171.1979_windows32\libcef_dll\wrapper\libcef_dll_wrapper.cc:162)
	main [0x004D5862+434] (c:\projects\ruby_shell\cef_binary_3.2171.1979_windows32\testconsole\main.cpp:264)
	__tmainCRTStartup [0x005B3B9A+282] (f:\dd\vctools\crt\crtw32\startup\crt0.c:255)
	mainCRTStartup [0x005B3D7D+13] (f:\dd\vctools\crt\crtw32\startup\crt0.c:165)
	BaseThreadInitThunk [0x763CA534+14]
	RtlInitializeExceptionChain [0x76FD8F8B+132]
	RtlInitializeExceptionChain [0x76FD8F61+90]

[0220/174124:WARNING:resource_bundle.cc(304)] locale_file_path.empty()
[0220/174124:ERROR:main_delegate.cc(564)] Could not load locale pak for en-US
[0220/174124:ERROR:main_delegate.cc(571)] Could not load cef.pak
[0220/174124:ERROR:main_delegate.cc(588)] Could not load cef_100_percent.pak
[0220/174124:WARNING:resource_bundle.cc(497)] locale resources are not loaded
[0220/174124:FATAL:browser_pref_store.cc(34)] Check failed: !resource_string.empty(). 
Backtrace:
	cef_trace_event_instant [0x10587E51+1495937]
	cef_trace_event_instant [0x104BE6DF+670735]
	cef_trace_event_instant [0x10475385+370869]
	cef_trace_event_instant [0x10475158+370312]
	cef_time_to_timet [0x103F6FB3+1082515]
	SetCrashKeyValueImpl [0x132FBFD0+11419280]
	SetCrashKeyValueImpl [0x132FC77B+11421243]
	SetCrashKeyValueImpl [0x132FBBEA+11418282]
	SetCrashKeyValueImpl [0x132FC51A+11420634]
	SetCrashKeyValueImpl [0x12E1207F+6266687]
	SetCrashKeyValueImpl [0x136B534D+15323661]
	SetCrashKeyValueImpl [0x132F8F7F+11406911]
	SetCrashKeyValueImpl [0x1326DC6E+10836782]
	cef_time_to_timet [0x103333B2+280722]
	SetCrashKeyValueImpl [0x148D500F+34328271]
	SetCrashKeyValueImpl [0x148D4F0F+34328015]
	cef_string_list_value [0x1026D15F+180895]
	cef_string_list_value [0x1026C3F7+177463]
	cef_initialize [0x101B3A46+390]
	CefInitialize [0x004E2722+322] (c:\projects\ruby_shell\cef_binary_3.2171.1979_windows32\libcef_dll\wrapper\libcef_dll_wrapper.cc:162)
	main [0x004D5862+434] (c:\projects\ruby_shell\cef_binary_3.2171.1979_windows32\testconsole\main.cpp:264)
	__tmainCRTStartup [0x005B3B9A+282] (f:\dd\vctools\crt\crtw32\startup\crt0.c:255)
	mainCRTStartup [0x005B3D7D+13] (f:\dd\vctools\crt\crtw32\startup\crt0.c:165)
	BaseThreadInitThunk [0x763CA534+14]
	RtlInitializeExceptionChain [0x76FD8F8B+132]
	RtlInitializeExceptionChain [0x76FD8F61+90]

[0220/174139:ERROR:memory_mapped_file.cc(41)] Couldn't open C:\projects\ruby_shell\cef_binary_3.2171.1979_windows32\Debug\icudtl.dat
[0220/174139:ERROR:icu_util.cc(149)] Couldn't mmap C:\projects\ruby_shell\cef_binary_3.2171.1979_windows32\Debug\icudtl.dat
[0220/174139:FATAL:rtl.cc(136)] Check failed: U_SUCCESS(status). 
Backtrace:
	cef_trace_event_instant [0x10587E51+1495937]
	cef_trace_event_instant [0x104BE6DF+670735]
	cef_trace_event_instant [0x127EA8DC+37551628]
	cef_trace_event_instant [0x127EA973+37551779]
	cef_trace_event_instant [0x127EABA8+37552344]
	SetCrashKeyValueImpl [0x14A375ED+35779757]
	SetCrashKeyValueImpl [0x14A375A2+35779682]
	SetCrashKeyValueImpl [0x14A3754F+35779599]
	SetCrashKeyValueImpl [0x14A35300+35770816]
	SetCrashKeyValueImpl [0x14A3CA9E+35801438]
	SetCrashKeyValueImpl [0x14A3C99A+35801178]
	SetCrashKeyValueImpl [0x14A33D36+35765238]
	SetCrashKeyValueImpl [0x14A33A60+35764512]
	cef_trace_event_instant [0x1042CBD7+73991]
	cef_trace_event_instant [0x1042CCDE+74254]
	SetCrashKeyValueImpl [0x14A3E5F8+35808440]
	SetCrashKeyValueImpl [0x14A3B27A+35795258]
	SetCrashKeyValueImpl [0x14A33CFE+35765182]
	SetCrashKeyValueImpl [0x14A33A60+35764512]
	SetCrashKeyValueImpl [0x14A818B4+36083572]
	SetCrashKeyValueImpl [0x14A26BA3+35711587]
	SetCrashKeyValueImpl [0x14A245C3+35701891]
	cef_trace_event_instant [0x1042C9F2+73506]
	cef_time_to_timet [0x1037484B+548139]
	cef_string_multimap_value [0x102A045F+124767]
	cef_string_multimap_value [0x1029F638+121144]
	cef_string_multimap_value [0x1029FE47+123207]
	cef_string_multimap_value [0x1029FF48+123464]
	cef_string_multimap_value [0x102ACAE7+175591]
	cef_string_multimap_value [0x102A7038+152376]
	cef_string_multimap_value [0x102AB535+170037]
	cef_string_list_value [0x1027073F+194687]
	cef_trace_event_instant [0x105C3F13+1741891]
	cef_trace_event_instant [0x104E78D4+839172]
	cef_trace_event_instant [0x104E58C4+830964]
	cef_trace_event_instant [0x104E5EAD+832477]
	cef_trace_event_instant [0x105C7B84+1757364]
	cef_trace_event_instant [0x105C9012+1762626]
	cef_trace_event_instant [0x105C8F7C+1762476]
	cef_trace_event_instant [0x104E76F7+838695]
	cef_trace_event_instant [0x105561FE+1292078]
	cef_trace_event_instant [0x104E75AB+838363]
	cef_time_to_timet [0x1032BF56+250934]
	cef_string_list_value [0x1026C705+178245]
	cef_run_message_loop [0x101B4728+8]
	CefRunMessageLoop [0x004E38FC+12] (c:\projects\ruby_shell\cef_binary_3.2171.1979_windows32\libcef_dll\wrapper\libcef_dll_wrapper.cc:276)
	main [0x004D586A+442] (c:\projects\ruby_shell\cef_binary_3.2171.1979_windows32\testconsole\main.cpp:271)
	__tmainCRTStartup [0x005B3B9A+282] (f:\dd\vctools\crt\crtw32\startup\crt0.c:255)
	mainCRTStartup [0x005B3D7D+13] (f:\dd\vctools\crt\crtw32\startup\crt0.c:165)
	BaseThreadInitThunk [0x763CA534+14]
	RtlInitializeExceptionChain [0x76FD8F8B+132]
	RtlInitializeExceptionChain [0x76FD8F61+90]

[0220/174139:FATAL:content_main_runner.cc(721)] Check failed: base::i18n::InitializeICU(). 
Backtrace:
	cef_trace_event_instant [0x10587E51+1495937]
	cef_trace_event_instant [0x104BE6DF+670735]
	SetCrashKeyValueImpl [0x148D4273+34324787]
	SetCrashKeyValueImpl [0x148D3323+34320867]
	cef_string_list_value [0x1026C188+176840]
	cef_execute_process [0x101B3285+213]
	CefExecuteProcess [0x004E1E86+278] (c:\projects\ruby_shell\cef_binary_3.2171.1979_windows32\libcef_dll\wrapper\libcef_dll_wrapper.cc:137)
	main [0x004D57C1+273] (c:\projects\ruby_shell\cef_binary_3.2171.1979_windows32\testconsole\main.cpp:250)
	__tmainCRTStartup [0x005B3B9A+282] (f:\dd\vctools\crt\crtw32\startup\crt0.c:255)
	mainCRTStartup [0x005B3D7D+13] (f:\dd\vctools\crt\crtw32\startup\crt0.c:165)
	BaseThreadInitThunk [0x763CA534+14]
	RtlInitializeExceptionChain [0x76FD8F8B+132]
	RtlInitializeExceptionChain [0x76FD8F61+90]

[0220/174145:ERROR:memory_mapped_file.cc(41)] Couldn't open C:\projects\ruby_shell\cef_binary_3.2171.1979_windows32\Debug\icudtl.dat
[0220/174145:ERROR:icu_util.cc(149)] Couldn't mmap C:\projects\ruby_shell\cef_binary_3.2171.1979_windows32\Debug\icudtl.dat
[0220/174145:FATAL:content_main_runner.cc(721)] Check failed: base::i18n::InitializeICU(). 
Backtrace:
	cef_trace_event_instant [0x10587E51+1495937]
	cef_trace_event_instant [0x104BE6DF+670735]
	SetCrashKeyValueImpl [0x148D4273+34324787]
	SetCrashKeyValueImpl [0x148D3323+34320867]
	cef_string_list_value [0x1026C188+176840]
	cef_execute_process [0x101B3285+213]
	CefExecuteProcess [0x004E1E86+278] (c:\projects\ruby_shell\cef_binary_3.2171.1979_windows32\libcef_dll\wrapper\libcef_dll_wrapper.cc:137)
	main [0x004D57C1+273] (c:\projects\ruby_shell\cef_binary_3.2171.1979_windows32\testconsole\main.cpp:250)
	__tmainCRTStartup [0x005B3B9A+282] (f:\dd\vctools\crt\crtw32\startup\crt0.c:255)
	mainCRTStartup [0x005B3D7D+13] (f:\dd\vctools\crt\crtw32\startup\crt0.c:165)
	BaseThreadInitThunk [0x763CA534+14]
	RtlInitializeExceptionChain [0x76FD8F8B+132]
	RtlInitializeExceptionChain [0x76FD8F61+90]

[0220/174148:ERROR:gpu_process_transport_factory.cc(437)] Failed to establish GPU channel.
[0220/174156:WARNING:message_in_transit_queue.cc(18)] Destroying nonempty message queue
