Message: 
%cStop!
Source: undefined
Line: 0
-----------------------
Message: 
%cThis is a browser feature intended for developers. If someone told you to copy-paste something here to enable a Facebook feature or "hack" someone's account, it is a scam and will give them access to your Facebook account.
Source: undefined
Line: 0
-----------------------
Message: 
%cFor more information, see https://www.facebook.com/selfxss.
Source: undefined
Line: 0
-----------------------
Message: 
%c
Source: undefined
Line: 0
-----------------------
