[0322/122844:ERROR:renderer_main.cc(207)] Running without renderer sandbox
[0322/122846:INFO:CONSOLE(1)] "Uncaught JavaScript Exception", source: http://localhost:2054/ (1)
[0322/122846:INFO:CONSOLE(1)] "Uncaught Exception from `throws()`", source: http://localhost:2054/ (1)
[0322/122846:INFO:CONSOLE(1)] "Uncaught Exception from `throws()`", source: http://localhost:2054/ (1)
[0322/122846:INFO:CONSOLE(1)] "Uncaught Exception from `throws()`", source: http://localhost:2054/ (1)
[0322/122846:INFO:CONSOLE(1)] "Uncaught Exception from `throws()`", source: http://localhost:2054/ (1)
[0322/122846:INFO:CONSOLE(1)] "Uncaught test", source: http://localhost:2054/ (1)
[0322/122846:ERROR:singleton_hwnd.cc(43)] Cannot create windows on non-UI thread!
[0322/122911:WARNING:message_in_transit_queue.cc(18)] Destroying nonempty message queue
[0322/122911:FATAL:proxy_script_decider.cc(471)] Check failed: false. 
Backtrace:
	cef_trace_event_instant [0x10587E51+1495937]
	cef_trace_event_instant [0x104BE6DF+670735]
	SetCrashKeyValueImpl [0x12C8025D+4620573]
	SetCrashKeyValueImpl [0x12C7F86F+4618031]
	SetCrashKeyValueImpl [0x12AE51D6+2936982]
	SetCrashKeyValueImpl [0x12AE4AB6+2935158]
	SetCrashKeyValueImpl [0x12AE3274+2928948]
	SetCrashKeyValueImpl [0x12AE30D6+2928534]
	SetCrashKeyValueImpl [0x12AE363A+2929914]
	SetCrashKeyValueImpl [0x12AE5216+2937046]
	SetCrashKeyValueImpl [0x12AE4B16+2935254]
	SetCrashKeyValueImpl [0x12AE32B4+2929012]
	SetCrashKeyValueImpl [0x12AE3106+2928582]
	SetCrashKeyValueImpl [0x12AE37D1+2930321]
	SetCrashKeyValueImpl [0x12AE5256+2937110]
	cef_time_to_timet [0x103B053E+793118]
	cef_time_to_timet [0x103B5FCF+816303]
	cef_time_to_timet [0x103B5D5A+815674]
	SetCrashKeyValueImpl [0x12B0A5CB+3089547]
	cef_time_to_timet [0x103AF14E+788014]
	cef_time_to_timet [0x103B08D6+794038]
	SetCrashKeyValueImpl [0x129EB83F+1914623]
	cef_trace_event_instant [0x104C9697+715719]
	cef_trace_event_instant [0x104C9528+715352]
	cef_trace_event_instant [0x104C9655+715653]
	cef_string_list_value [0x1027073F+194687]
	cef_trace_event_instant [0x105C3F13+1741891]
	cef_trace_event_instant [0x104E78D4+839172]
	cef_trace_event_instant [0x104E58C4+830964]
	cef_trace_event_instant [0x104E5EAD+832477]
	cef_trace_event_instant [0x105C7A32+1757026]
	cef_trace_event_instant [0x105C9012+1762626]
	cef_trace_event_instant [0x105C8F7C+1762476]
	cef_trace_event_instant [0x104E76F7+838695]
	cef_trace_event_instant [0x105561FE+1292078]
	cef_trace_event_instant [0x104E75AB+838363]
	cef_trace_event_instant [0x10556A86+1294262]
	SetCrashKeyValueImpl [0x130F0894+9275220]
	SetCrashKeyValueImpl [0x130F190B+9279435]
	cef_trace_event_instant [0x10557405+1296693]
	cef_trace_event_instant [0x104DED3B+803435]
	BaseThreadInitThunk [0x76F5A534+14]
	RtlInitializeExceptionChain [0x773D8F8B+132]
	RtlInitializeExceptionChain [0x773D8F61+90]

[0322/123304:ERROR:renderer_main.cc(207)] Running without renderer sandbox
[0322/123306:INFO:CONSOLE(1)] "Uncaught JavaScript Exception", source: http://localhost:2073/ (1)
[0322/123306:INFO:CONSOLE(1)] "Uncaught Exception from `throws()`", source: http://localhost:2073/ (1)
[0322/123306:INFO:CONSOLE(1)] "Uncaught Exception from `throws()`", source: http://localhost:2073/ (1)
[0322/123306:INFO:CONSOLE(1)] "Uncaught Exception from `throws()`", source: http://localhost:2073/ (1)
[0322/123306:INFO:CONSOLE(1)] "Uncaught Exception from `throws()`", source: http://localhost:2073/ (1)
[0322/123306:INFO:CONSOLE(1)] "Uncaught test", source: http://localhost:2073/ (1)
[0322/123306:ERROR:singleton_hwnd.cc(43)] Cannot create windows on non-UI thread!
[0322/123308:INFO:CONSOLE(1)] "Uncaught JavaScript Exception", source: http://localhost:2073/ (1)
[0322/123309:INFO:CONSOLE(1)] "Uncaught Exception from `throws()`", source: http://localhost:2073/ (1)
[0322/123309:INFO:CONSOLE(1)] "Uncaught Exception from `throws()`", source: http://localhost:2073/ (1)
[0322/123309:INFO:CONSOLE(1)] "Uncaught Exception from `throws()`", source: http://localhost:2073/ (1)
[0322/123309:INFO:CONSOLE(1)] "Uncaught Exception from `throws()`", source: http://localhost:2073/ (1)
[0322/123309:INFO:CONSOLE(1)] "Uncaught test", source: http://localhost:2073/ (1)
[0322/123319:INFO:CONSOLE(1)] "Uncaught JavaScript Exception", source: http://localhost:2073/ (1)
[0322/123320:INFO:CONSOLE(1)] "Uncaught Exception from `throws()`", source: http://localhost:2073/ (1)
[0322/123320:INFO:CONSOLE(1)] "Uncaught Exception from `throws()`", source: http://localhost:2073/ (1)
[0322/123320:INFO:CONSOLE(1)] "Uncaught Exception from `throws()`", source: http://localhost:2073/ (1)
[0322/123320:INFO:CONSOLE(1)] "Uncaught Exception from `throws()`", source: http://localhost:2073/ (1)
[0322/123320:INFO:CONSOLE(1)] "Uncaught test", source: http://localhost:2073/ (1)
[0322/123328:WARNING:message_in_transit_queue.cc(18)] Destroying nonempty message queue
[0322/123328:WARNING:message_in_transit_queue.cc(18)] Destroying nonempty message queue
[0322/123328:WARNING:message_in_transit_queue.cc(18)] Destroying nonempty message queue
[0322/125005:ERROR:renderer_main.cc(207)] Running without renderer sandbox
[0322/125007:INFO:CONSOLE(1)] "Uncaught JavaScript Exception", source: http://localhost:2180/ (1)
[0322/125007:INFO:CONSOLE(1)] "Uncaught Exception from `throws()`", source: http://localhost:2180/ (1)
[0322/125007:INFO:CONSOLE(1)] "Uncaught Exception from `throws()`", source: http://localhost:2180/ (1)
[0322/125007:INFO:CONSOLE(1)] "Uncaught Exception from `throws()`", source: http://localhost:2180/ (1)
[0322/125007:INFO:CONSOLE(1)] "Uncaught Exception from `throws()`", source: http://localhost:2180/ (1)
[0322/125007:INFO:CONSOLE(1)] "Uncaught test", source: http://localhost:2180/ (1)
[0322/125007:ERROR:singleton_hwnd.cc(43)] Cannot create windows on non-UI thread!
[0322/125013:INFO:CONSOLE(1)] "Uncaught JavaScript Exception", source: http://localhost:2180/ (1)
[0322/125013:INFO:CONSOLE(1)] "Uncaught Exception from `throws()`", source: http://localhost:2180/ (1)
[0322/125013:INFO:CONSOLE(1)] "Uncaught Exception from `throws()`", source: http://localhost:2180/ (1)
[0322/125013:INFO:CONSOLE(1)] "Uncaught Exception from `throws()`", source: http://localhost:2180/ (1)
[0322/125013:INFO:CONSOLE(1)] "Uncaught Exception from `throws()`", source: http://localhost:2180/ (1)
[0322/125013:INFO:CONSOLE(1)] "Uncaught test", source: http://localhost:2180/ (1)
[0322/125015:WARNING:message_in_transit_queue.cc(18)] Destroying nonempty message queue
[0322/125015:WARNING:message_in_transit_queue.cc(18)] Destroying nonempty message queue
[0322/125015:FATAL:proxy_script_decider.cc(471)] Check failed: false. 
Backtrace:
	cef_trace_event_instant [0x10587E51+1495937]
	cef_trace_event_instant [0x104BE6DF+670735]
	SetCrashKeyValueImpl [0x12C8025D+4620573]
	SetCrashKeyValueImpl [0x12C7F86F+4618031]
	SetCrashKeyValueImpl [0x12AE51D6+2936982]
	SetCrashKeyValueImpl [0x12AE4AB6+2935158]
	SetCrashKeyValueImpl [0x12AE3274+2928948]
	SetCrashKeyValueImpl [0x12AE30D6+2928534]
	SetCrashKeyValueImpl [0x12AE363A+2929914]
	SetCrashKeyValueImpl [0x12AE5216+2937046]
	SetCrashKeyValueImpl [0x12AE4B16+2935254]
	SetCrashKeyValueImpl [0x12AE32B4+2929012]
	SetCrashKeyValueImpl [0x12AE3106+2928582]
	SetCrashKeyValueImpl [0x12AE37D1+2930321]
	SetCrashKeyValueImpl [0x12AE5256+2937110]
	cef_time_to_timet [0x103B053E+793118]
	cef_time_to_timet [0x103B5FCF+816303]
	cef_time_to_timet [0x103B5D5A+815674]
	SetCrashKeyValueImpl [0x12B0A5CB+3089547]
	cef_time_to_timet [0x103AF14E+788014]
	cef_time_to_timet [0x103B08D6+794038]
	SetCrashKeyValueImpl [0x129EB83F+1914623]
	cef_trace_event_instant [0x104C9697+715719]
	cef_trace_event_instant [0x104C9528+715352]
	cef_trace_event_instant [0x104C9655+715653]
	cef_string_list_value [0x1027073F+194687]
	cef_trace_event_instant [0x105C3F13+1741891]
	cef_trace_event_instant [0x104E78D4+839172]
	cef_trace_event_instant [0x104E58C4+830964]
	cef_trace_event_instant [0x104E5EAD+832477]
	cef_trace_event_instant [0x105C7A32+1757026]
	cef_trace_event_instant [0x105C9012+1762626]
	cef_trace_event_instant [0x105C8F7C+1762476]
	cef_trace_event_instant [0x104E76F7+838695]
	cef_trace_event_instant [0x105561FE+1292078]
	cef_trace_event_instant [0x104E75AB+838363]
	cef_trace_event_instant [0x10556A86+1294262]
	SetCrashKeyValueImpl [0x130F0894+9275220]
	SetCrashKeyValueImpl [0x130F190B+9279435]
	cef_trace_event_instant [0x10557405+1296693]
	cef_trace_event_instant [0x104DED3B+803435]
	BaseThreadInitThunk [0x76F5A534+14]
	RtlInitializeExceptionChain [0x773D8F8B+132]
	RtlInitializeExceptionChain [0x773D8F61+90]

[0322/125018:ERROR:renderer_main.cc(207)] Running without renderer sandbox
[0322/125020:INFO:CONSOLE(1)] "Uncaught JavaScript Exception", source: http://localhost:2192/ (1)
[0322/125020:INFO:CONSOLE(1)] "Uncaught Exception from `throws()`", source: http://localhost:2192/ (1)
[0322/125020:INFO:CONSOLE(1)] "Uncaught Exception from `throws()`", source: http://localhost:2192/ (1)
[0322/125020:INFO:CONSOLE(1)] "Uncaught Exception from `throws()`", source: http://localhost:2192/ (1)
[0322/125020:INFO:CONSOLE(1)] "Uncaught Exception from `throws()`", source: http://localhost:2192/ (1)
[0322/125020:INFO:CONSOLE(1)] "Uncaught test", source: http://localhost:2192/ (1)
[0322/125020:ERROR:singleton_hwnd.cc(43)] Cannot create windows on non-UI thread!
[0322/125043:WARNING:message_in_transit_queue.cc(18)] Destroying nonempty message queue
