Build started 2/22/2015 4:49:33 PM.
     1>Project "C:\projects\rb-chrome\cef_binary_3.2171.1979_windows32\rbChrome\rbChrome.vcxproj" on node 2 (Build target(s)).
     1>ClCompile:
         C:\Program Files (x86)\Microsoft Visual Studio 12.0\VC\bin\CL.exe /c /I"C:\projects\rb-chrome\cef_binary_3.2171.1979_windows32\rbChrome\\include" /I"C:\projects\rb-chrome\cef_binary_3.2171.1979_windows32\rbChrome\\..\\" /ZI /nologo /W3 /WX- /sdl /Od /Oy- /D RELEASE /D BUILDING_RB_CHROME_DLL /D _WINDLL /D _MBCS /Gm /EHsc /RTC1 /MT /GS /fp:precise /Zc:wchar_t /Zc:forScope /Fo"Release\\" /Fd"Release\vc120.pdb" /Gd /TP /analyze- /errorReport:prompt src\RbChromeApp.cpp src\rbChrome.cpp
         rbChrome.cpp
         RbChromeApp.cpp
         Generating Code...
       Link:
         C:\Program Files (x86)\Microsoft Visual Studio 12.0\VC\bin\link.exe /ERRORREPORT:PROMPT /OUT:"C:\projects\rb-chrome\cef_binary_3.2171.1979_windows32\rbChrome\Release\rbChrome.dll" /INCREMENTAL /NOLOGO /LIBPATH:"C:\projects\rb-chrome\cef_binary_3.2171.1979_windows32\rbChrome\\..\Release" libcef.lib cef_sandbox.lib kernel32.lib user32.lib gdi32.lib winspool.lib comdlg32.lib advapi32.lib shell32.lib ole32.lib oleaut32.lib uuid.lib odbc32.lib odbccp32.lib /MANIFEST /MANIFESTUAC:"level='asInvoker' uiAccess='false'" /manifest:embed /DEBUG /PDB:"C:\projects\rb-chrome\cef_binary_3.2171.1979_windows32\rbChrome\Release\rbChrome.pdb" /TLBID:1 /DYNAMICBASE /NXCOMPAT /IMPLIB:"C:\projects\rb-chrome\cef_binary_3.2171.1979_windows32\rbChrome\Release\rbChrome.lib" /MACHINE:X86 /DLL Release\rbChrome.obj
         Release\RbChromeApp.obj
         Release\RbChromeHandler.obj
         "C:\projects\rb-chrome\cef_binary_3.2171.1979_windows32\out\Release\lib\libcef_dll_wrapper.lib"
            Creating library C:\projects\rb-chrome\cef_binary_3.2171.1979_windows32\rbChrome\Release\rbChrome.lib and object C:\projects\rb-chrome\cef_binary_3.2171.1979_windows32\rbChrome\Release\rbChrome.exp
     1>cef_sandbox.lib(sandbox.Wow64.obj) : warning LNK4099: PDB 'sandbox.cc.pdb' was not found with 'cef_sandbox.lib(sandbox.Wow64.obj)' or at 'C:\projects\rb-chrome\cef_binary_3.2171.1979_windows32\rbChrome\Release\sandbox.cc.pdb'; linking object as if no debug info
     1>cef_sandbox.lib(sandbox.preamble_patcher_with_stub.obj) : warning LNK4099: PDB 'sandbox.cc.pdb' was not found with 'cef_sandbox.lib(sandbox.preamble_patcher_with_stub.obj)' or at 'C:\projects\rb-chrome\cef_binary_3.2171.1979_windows32\rbChrome\Release\sandbox.cc.pdb'; linking object as if no debug info
     1>cef_sandbox.lib(sandbox.mini_disassembler.obj) : warning LNK4099: PDB 'sandbox.cc.pdb' was not found with 'cef_sandbox.lib(sandbox.mini_disassembler.obj)' or at 'C:\projects\rb-chrome\cef_binary_3.2171.1979_windows32\rbChrome\Release\sandbox.cc.pdb'; linking object as if no debug info
     1>cef_sandbox.lib(sandbox.ia32_opcode_map.obj) : warning LNK4099: PDB 'sandbox.cc.pdb' was not found with 'cef_sandbox.lib(sandbox.ia32_opcode_map.obj)' or at 'C:\projects\rb-chrome\cef_binary_3.2171.1979_windows32\rbChrome\Release\sandbox.cc.pdb'; linking object as if no debug info
     1>cef_sandbox.lib(sandbox.ia32_modrm_map.obj) : warning LNK4099: PDB 'sandbox.cc.pdb' was not found with 'cef_sandbox.lib(sandbox.ia32_modrm_map.obj)' or at 'C:\projects\rb-chrome\cef_binary_3.2171.1979_windows32\rbChrome\Release\sandbox.cc.pdb'; linking object as if no debug info
     1>cef_sandbox.lib(sandbox.sidestep_resolver.obj) : warning LNK4099: PDB 'sandbox.cc.pdb' was not found with 'cef_sandbox.lib(sandbox.sidestep_resolver.obj)' or at 'C:\projects\rb-chrome\cef_binary_3.2171.1979_windows32\rbChrome\Release\sandbox.cc.pdb'; linking object as if no debug info
     1>cef_sandbox.lib(sandbox.service_resolver_32.obj) : warning LNK4099: PDB 'sandbox.cc.pdb' was not found with 'cef_sandbox.lib(sandbox.service_resolver_32.obj)' or at 'C:\projects\rb-chrome\cef_binary_3.2171.1979_windows32\rbChrome\Release\sandbox.cc.pdb'; linking object as if no debug info
     1>cef_sandbox.lib(sandbox.resolver_32.obj) : warning LNK4099: PDB 'sandbox.cc.pdb' was not found with 'cef_sandbox.lib(sandbox.resolver_32.obj)' or at 'C:\projects\rb-chrome\cef_binary_3.2171.1979_windows32\rbChrome\Release\sandbox.cc.pdb'; linking object as if no debug info
     1>cef_sandbox.lib(sandbox.window.obj) : warning LNK4099: PDB 'sandbox.cc.pdb' was not found with 'cef_sandbox.lib(sandbox.window.obj)' or at 'C:\projects\rb-chrome\cef_binary_3.2171.1979_windows32\rbChrome\Release\sandbox.cc.pdb'; linking object as if no debug info
     1>cef_sandbox.lib(sandbox.win2k_threadpool.obj) : warning LNK4099: PDB 'sandbox.cc.pdb' was not found with 'cef_sandbox.lib(sandbox.win2k_threadpool.obj)' or at 'C:\projects\rb-chrome\cef_binary_3.2171.1979_windows32\rbChrome\Release\sandbox.cc.pdb'; linking object as if no debug info
     1>cef_sandbox.lib(sandbox.win_utils.obj) : warning LNK4099: PDB 'sandbox.cc.pdb' was not found with 'cef_sandbox.lib(sandbox.win_utils.obj)' or at 'C:\projects\rb-chrome\cef_binary_3.2171.1979_windows32\rbChrome\Release\sandbox.cc.pdb'; linking object as if no debug info
     1>cef_sandbox.lib(sandbox.target_services.obj) : warning LNK4099: PDB 'sandbox.cc.pdb' was not found with 'cef_sandbox.lib(sandbox.target_services.obj)' or at 'C:\projects\rb-chrome\cef_binary_3.2171.1979_windows32\rbChrome\Release\sandbox.cc.pdb'; linking object as if no debug info
     1>cef_sandbox.lib(sandbox.target_process.obj) : warning LNK4099: PDB 'sandbox.cc.pdb' was not found with 'cef_sandbox.lib(sandbox.target_process.obj)' or at 'C:\projects\rb-chrome\cef_binary_3.2171.1979_windows32\rbChrome\Release\sandbox.cc.pdb'; linking object as if no debug info
     1>cef_sandbox.lib(sandbox.target_interceptions.obj) : warning LNK4099: PDB 'sandbox.cc.pdb' was not found with 'cef_sandbox.lib(sandbox.target_interceptions.obj)' or at 'C:\projects\rb-chrome\cef_binary_3.2171.1979_windows32\rbChrome\Release\sandbox.cc.pdb'; linking object as if no debug info
     1>cef_sandbox.lib(sandbox.sync_policy.obj) : warning LNK4099: PDB 'sandbox.cc.pdb' was not found with 'cef_sandbox.lib(sandbox.sync_policy.obj)' or at 'C:\projects\rb-chrome\cef_binary_3.2171.1979_windows32\rbChrome\Release\sandbox.cc.pdb'; linking object as if no debug info
     1>cef_sandbox.lib(sandbox.sync_interception.obj) : warning LNK4099: PDB 'sandbox.cc.pdb' was not found with 'cef_sandbox.lib(sandbox.sync_interception.obj)' or at 'C:\projects\rb-chrome\cef_binary_3.2171.1979_windows32\rbChrome\Release\sandbox.cc.pdb'; linking object as if no debug info
     1>cef_sandbox.lib(sandbox.sync_dispatcher.obj) : warning LNK4099: PDB 'sandbox.cc.pdb' was not found with 'cef_sandbox.lib(sandbox.sync_dispatcher.obj)' or at 'C:\projects\rb-chrome\cef_binary_3.2171.1979_windows32\rbChrome\Release\sandbox.cc.pdb'; linking object as if no debug info
     1>cef_sandbox.lib(sandbox.sid.obj) : warning LNK4099: PDB 'sandbox.cc.pdb' was not found with 'cef_sandbox.lib(sandbox.sid.obj)' or at 'C:\projects\rb-chrome\cef_binary_3.2171.1979_windows32\rbChrome\Release\sandbox.cc.pdb'; linking object as if no debug info
     1>cef_sandbox.lib(sandbox.sharedmem_ipc_server.obj) : warning LNK4099: PDB 'sandbox.cc.pdb' was not found with 'cef_sandbox.lib(sandbox.sharedmem_ipc_server.obj)' or at 'C:\projects\rb-chrome\cef_binary_3.2171.1979_windows32\rbChrome\Release\sandbox.cc.pdb'; linking object as if no debug info
     1>cef_sandbox.lib(sandbox.sharedmem_ipc_client.obj) : warning LNK4099: PDB 'sandbox.cc.pdb' was not found with 'cef_sandbox.lib(sandbox.sharedmem_ipc_client.obj)' or at 'C:\projects\rb-chrome\cef_binary_3.2171.1979_windows32\rbChrome\Release\sandbox.cc.pdb'; linking object as if no debug info
     1>cef_sandbox.lib(sandbox.service_resolver.obj) : warning LNK4099: PDB 'sandbox.cc.pdb' was not found with 'cef_sandbox.lib(sandbox.service_resolver.obj)' or at 'C:\projects\rb-chrome\cef_binary_3.2171.1979_windows32\rbChrome\Release\sandbox.cc.pdb'; linking object as if no debug info
     1>cef_sandbox.lib(sandbox.sandbox.obj) : warning LNK4099: PDB 'sandbox.cc.pdb' was not found with 'cef_sandbox.lib(sandbox.sandbox.obj)' or at 'C:\projects\rb-chrome\cef_binary_3.2171.1979_windows32\rbChrome\Release\sandbox.cc.pdb'; linking object as if no debug info
     1>cef_sandbox.lib(sandbox.sandbox_utils.obj) : warning LNK4099: PDB 'sandbox.cc.pdb' was not found with 'cef_sandbox.lib(sandbox.sandbox_utils.obj)' or at 'C:\projects\rb-chrome\cef_binary_3.2171.1979_windows32\rbChrome\Release\sandbox.cc.pdb'; linking object as if no debug info
     1>cef_sandbox.lib(sandbox.sandbox_policy_base.obj) : warning LNK4099: PDB 'sandbox.cc.pdb' was not found with 'cef_sandbox.lib(sandbox.sandbox_policy_base.obj)' or at 'C:\projects\rb-chrome\cef_binary_3.2171.1979_windows32\rbChrome\Release\sandbox.cc.pdb'; linking object as if no debug info
     1>cef_sandbox.lib(sandbox.sandbox_nt_util.obj) : warning LNK4099: PDB 'sandbox.cc.pdb' was not found with 'cef_sandbox.lib(sandbox.sandbox_nt_util.obj)' or at 'C:\projects\rb-chrome\cef_binary_3.2171.1979_windows32\rbChrome\Release\sandbox.cc.pdb'; linking object as if no debug info
     1>cef_sandbox.lib(sandbox.sandbox_globals.obj) : warning LNK4099: PDB 'sandbox.cc.pdb' was not found with 'cef_sandbox.lib(sandbox.sandbox_globals.obj)' or at 'C:\projects\rb-chrome\cef_binary_3.2171.1979_windows32\rbChrome\Release\sandbox.cc.pdb'; linking object as if no debug info
     1>cef_sandbox.lib(sandbox.restricted_token.obj) : warning LNK4099: PDB 'sandbox.cc.pdb' was not found with 'cef_sandbox.lib(sandbox.restricted_token.obj)' or at 'C:\projects\rb-chrome\cef_binary_3.2171.1979_windows32\rbChrome\Release\sandbox.cc.pdb'; linking object as if no debug info
     1>cef_sandbox.lib(sandbox.restricted_token_utils.obj) : warning LNK4099: PDB 'sandbox.cc.pdb' was not found with 'cef_sandbox.lib(sandbox.restricted_token_utils.obj)' or at 'C:\projects\rb-chrome\cef_binary_3.2171.1979_windows32\rbChrome\Release\sandbox.cc.pdb'; linking object as if no debug info
     1>cef_sandbox.lib(sandbox.resolver.obj) : warning LNK4099: PDB 'sandbox.cc.pdb' was not found with 'cef_sandbox.lib(sandbox.resolver.obj)' or at 'C:\projects\rb-chrome\cef_binary_3.2171.1979_windows32\rbChrome\Release\sandbox.cc.pdb'; linking object as if no debug info
     1>cef_sandbox.lib(sandbox.registry_policy.obj) : warning LNK4099: PDB 'sandbox.cc.pdb' was not found with 'cef_sandbox.lib(sandbox.registry_policy.obj)' or at 'C:\projects\rb-chrome\cef_binary_3.2171.1979_windows32\rbChrome\Release\sandbox.cc.pdb'; linking object as if no debug info
     1>cef_sandbox.lib(sandbox.registry_interception.obj) : warning LNK4099: PDB 'sandbox.cc.pdb' was not found with 'cef_sandbox.lib(sandbox.registry_interception.obj)' or at 'C:\projects\rb-chrome\cef_binary_3.2171.1979_windows32\rbChrome\Release\sandbox.cc.pdb'; linking object as if no debug info
     1>cef_sandbox.lib(sandbox.registry_dispatcher.obj) : warning LNK4099: PDB 'sandbox.cc.pdb' was not found with 'cef_sandbox.lib(sandbox.registry_dispatcher.obj)' or at 'C:\projects\rb-chrome\cef_binary_3.2171.1979_windows32\rbChrome\Release\sandbox.cc.pdb'; linking object as if no debug info
     1>cef_sandbox.lib(sandbox.process_thread_policy.obj) : warning LNK4099: PDB 'sandbox.cc.pdb' was not found with 'cef_sandbox.lib(sandbox.process_thread_policy.obj)' or at 'C:\projects\rb-chrome\cef_binary_3.2171.1979_windows32\rbChrome\Release\sandbox.cc.pdb'; linking object as if no debug info
     1>cef_sandbox.lib(sandbox.process_thread_interception.obj) : warning LNK4099: PDB 'sandbox.cc.pdb' was not found with 'cef_sandbox.lib(sandbox.process_thread_interception.obj)' or at 'C:\projects\rb-chrome\cef_binary_3.2171.1979_windows32\rbChrome\Release\sandbox.cc.pdb'; linking object as if no debug info
     1>cef_sandbox.lib(sandbox.process_thread_dispatcher.obj) : warning LNK4099: PDB 'sandbox.cc.pdb' was not found with 'cef_sandbox.lib(sandbox.process_thread_dispatcher.obj)' or at 'C:\projects\rb-chrome\cef_binary_3.2171.1979_windows32\rbChrome\Release\sandbox.cc.pdb'; linking object as if no debug info
     1>cef_sandbox.lib(sandbox.process_mitigations_win32k_policy.obj) : warning LNK4099: PDB 'sandbox.cc.pdb' was not found with 'cef_sandbox.lib(sandbox.process_mitigations_win32k_policy.obj)' or at 'C:\projects\rb-chrome\cef_binary_3.2171.1979_windows32\rbChrome\Release\sandbox.cc.pdb'; linking object as if no debug info
     1>cef_sandbox.lib(sandbox.process_mitigations_win32k_interception.obj) : warning LNK4099: PDB 'sandbox.cc.pdb' was not found with 'cef_sandbox.lib(sandbox.process_mitigations_win32k_interception.obj)' or at 'C:\projects\rb-chrome\cef_binary_3.2171.1979_windows32\rbChrome\Release\sandbox.cc.pdb'; linking object as if no debug info
     1>cef_sandbox.lib(sandbox.process_mitigations_win32k_dispatcher.obj) : warning LNK4099: PDB 'sandbox.cc.pdb' was not found with 'cef_sandbox.lib(sandbox.process_mitigations_win32k_dispatcher.obj)' or at 'C:\projects\rb-chrome\cef_binary_3.2171.1979_windows32\rbChrome\Release\sandbox.cc.pdb'; linking object as if no debug info
     1>cef_sandbox.lib(sandbox.process_mitigations.obj) : warning LNK4099: PDB 'sandbox.cc.pdb' was not found with 'cef_sandbox.lib(sandbox.process_mitigations.obj)' or at 'C:\projects\rb-chrome\cef_binary_3.2171.1979_windows32\rbChrome\Release\sandbox.cc.pdb'; linking object as if no debug info
     1>cef_sandbox.lib(sandbox.policy_target.obj) : warning LNK4099: PDB 'sandbox.cc.pdb' was not found with 'cef_sandbox.lib(sandbox.policy_target.obj)' or at 'C:\projects\rb-chrome\cef_binary_3.2171.1979_windows32\rbChrome\Release\sandbox.cc.pdb'; linking object as if no debug info
     1>cef_sandbox.lib(sandbox.policy_low_level.obj) : warning LNK4099: PDB 'sandbox.cc.pdb' was not found with 'cef_sandbox.lib(sandbox.policy_low_level.obj)' or at 'C:\projects\rb-chrome\cef_binary_3.2171.1979_windows32\rbChrome\Release\sandbox.cc.pdb'; linking object as if no debug info
     1>cef_sandbox.lib(sandbox.policy_engine_processor.obj) : warning LNK4099: PDB 'sandbox.cc.pdb' was not found with 'cef_sandbox.lib(sandbox.policy_engine_processor.obj)' or at 'C:\projects\rb-chrome\cef_binary_3.2171.1979_windows32\rbChrome\Release\sandbox.cc.pdb'; linking object as if no debug info
     1>cef_sandbox.lib(sandbox.policy_engine_opcodes.obj) : warning LNK4099: PDB 'sandbox.cc.pdb' was not found with 'cef_sandbox.lib(sandbox.policy_engine_opcodes.obj)' or at 'C:\projects\rb-chrome\cef_binary_3.2171.1979_windows32\rbChrome\Release\sandbox.cc.pdb'; linking object as if no debug info
     1>cef_sandbox.lib(sandbox.policy_broker.obj) : warning LNK4099: PDB 'sandbox.cc.pdb' was not found with 'cef_sandbox.lib(sandbox.policy_broker.obj)' or at 'C:\projects\rb-chrome\cef_binary_3.2171.1979_windows32\rbChrome\Release\sandbox.cc.pdb'; linking object as if no debug info
     1>cef_sandbox.lib(sandbox.named_pipe_policy.obj) : warning LNK4099: PDB 'sandbox.cc.pdb' was not found with 'cef_sandbox.lib(sandbox.named_pipe_policy.obj)' or at 'C:\projects\rb-chrome\cef_binary_3.2171.1979_windows32\rbChrome\Release\sandbox.cc.pdb'; linking object as if no debug info
     1>cef_sandbox.lib(sandbox.named_pipe_interception.obj) : warning LNK4099: PDB 'sandbox.cc.pdb' was not found with 'cef_sandbox.lib(sandbox.named_pipe_interception.obj)' or at 'C:\projects\rb-chrome\cef_binary_3.2171.1979_windows32\rbChrome\Release\sandbox.cc.pdb'; linking object as if no debug info
     1>cef_sandbox.lib(sandbox.named_pipe_dispatcher.obj) : warning LNK4099: PDB 'sandbox.cc.pdb' was not found with 'cef_sandbox.lib(sandbox.named_pipe_dispatcher.obj)' or at 'C:\projects\rb-chrome\cef_binary_3.2171.1979_windows32\rbChrome\Release\sandbox.cc.pdb'; linking object as if no debug info
     1>cef_sandbox.lib(sandbox.job.obj) : warning LNK4099: PDB 'sandbox.cc.pdb' was not found with 'cef_sandbox.lib(sandbox.job.obj)' or at 'C:\projects\rb-chrome\cef_binary_3.2171.1979_windows32\rbChrome\Release\sandbox.cc.pdb'; linking object as if no debug info
     1>cef_sandbox.lib(sandbox.interception_agent.obj) : warning LNK4099: PDB 'sandbox.cc.pdb' was not found with 'cef_sandbox.lib(sandbox.interception_agent.obj)' or at 'C:\projects\rb-chrome\cef_binary_3.2171.1979_windows32\rbChrome\Release\sandbox.cc.pdb'; linking object as if no debug info
     1>cef_sandbox.lib(sandbox.interception.obj) : warning LNK4099: PDB 'sandbox.cc.pdb' was not found with 'cef_sandbox.lib(sandbox.interception.obj)' or at 'C:\projects\rb-chrome\cef_binary_3.2171.1979_windows32\rbChrome\Release\sandbox.cc.pdb'; linking object as if no debug info
     1>cef_sandbox.lib(sandbox.handle_policy.obj) : warning LNK4099: PDB 'sandbox.cc.pdb' was not found with 'cef_sandbox.lib(sandbox.handle_policy.obj)' or at 'C:\projects\rb-chrome\cef_binary_3.2171.1979_windows32\rbChrome\Release\sandbox.cc.pdb'; linking object as if no debug info
     1>cef_sandbox.lib(sandbox.handle_interception.obj) : warning LNK4099: PDB 'sandbox.cc.pdb' was not found with 'cef_sandbox.lib(sandbox.handle_interception.obj)' or at 'C:\projects\rb-chrome\cef_binary_3.2171.1979_windows32\rbChrome\Release\sandbox.cc.pdb'; linking object as if no debug info
     1>cef_sandbox.lib(sandbox.handle_dispatcher.obj) : warning LNK4099: PDB 'sandbox.cc.pdb' was not found with 'cef_sandbox.lib(sandbox.handle_dispatcher.obj)' or at 'C:\projects\rb-chrome\cef_binary_3.2171.1979_windows32\rbChrome\Release\sandbox.cc.pdb'; linking object as if no debug info
     1>cef_sandbox.lib(sandbox.handle_closer_agent.obj) : warning LNK4099: PDB 'sandbox.cc.pdb' was not found with 'cef_sandbox.lib(sandbox.handle_closer_agent.obj)' or at 'C:\projects\rb-chrome\cef_binary_3.2171.1979_windows32\rbChrome\Release\sandbox.cc.pdb'; linking object as if no debug info
     1>cef_sandbox.lib(sandbox.handle_closer.obj) : warning LNK4099: PDB 'sandbox.cc.pdb' was not found with 'cef_sandbox.lib(sandbox.handle_closer.obj)' or at 'C:\projects\rb-chrome\cef_binary_3.2171.1979_windows32\rbChrome\Release\sandbox.cc.pdb'; linking object as if no debug info
     1>cef_sandbox.lib(sandbox.filesystem_policy.obj) : warning LNK4099: PDB 'sandbox.cc.pdb' was not found with 'cef_sandbox.lib(sandbox.filesystem_policy.obj)' or at 'C:\projects\rb-chrome\cef_binary_3.2171.1979_windows32\rbChrome\Release\sandbox.cc.pdb'; linking object as if no debug info
     1>cef_sandbox.lib(sandbox.filesystem_interception.obj) : warning LNK4099: PDB 'sandbox.cc.pdb' was not found with 'cef_sandbox.lib(sandbox.filesystem_interception.obj)' or at 'C:\projects\rb-chrome\cef_binary_3.2171.1979_windows32\rbChrome\Release\sandbox.cc.pdb'; linking object as if no debug info
     1>cef_sandbox.lib(sandbox.filesystem_dispatcher.obj) : warning LNK4099: PDB 'sandbox.cc.pdb' was not found with 'cef_sandbox.lib(sandbox.filesystem_dispatcher.obj)' or at 'C:\projects\rb-chrome\cef_binary_3.2171.1979_windows32\rbChrome\Release\sandbox.cc.pdb'; linking object as if no debug info
     1>cef_sandbox.lib(sandbox.eat_resolver.obj) : warning LNK4099: PDB 'sandbox.cc.pdb' was not found with 'cef_sandbox.lib(sandbox.eat_resolver.obj)' or at 'C:\projects\rb-chrome\cef_binary_3.2171.1979_windows32\rbChrome\Release\sandbox.cc.pdb'; linking object as if no debug info
     1>cef_sandbox.lib(sandbox.crosscall_server.obj) : warning LNK4099: PDB 'sandbox.cc.pdb' was not found with 'cef_sandbox.lib(sandbox.crosscall_server.obj)' or at 'C:\projects\rb-chrome\cef_binary_3.2171.1979_windows32\rbChrome\Release\sandbox.cc.pdb'; linking object as if no debug info
     1>cef_sandbox.lib(sandbox.broker_services.obj) : warning LNK4099: PDB 'sandbox.cc.pdb' was not found with 'cef_sandbox.lib(sandbox.broker_services.obj)' or at 'C:\projects\rb-chrome\cef_binary_3.2171.1979_windows32\rbChrome\Release\sandbox.cc.pdb'; linking object as if no debug info
     1>cef_sandbox.lib(sandbox.app_container.obj) : warning LNK4099: PDB 'sandbox.cc.pdb' was not found with 'cef_sandbox.lib(sandbox.app_container.obj)' or at 'C:\projects\rb-chrome\cef_binary_3.2171.1979_windows32\rbChrome\Release\sandbox.cc.pdb'; linking object as if no debug info
     1>cef_sandbox.lib(sandbox.acl.obj) : warning LNK4099: PDB 'sandbox.cc.pdb' was not found with 'cef_sandbox.lib(sandbox.acl.obj)' or at 'C:\projects\rb-chrome\cef_binary_3.2171.1979_windows32\rbChrome\Release\sandbox.cc.pdb'; linking object as if no debug info
     1>cef_sandbox.lib(cef_sandbox.sandbox_win.obj) : warning LNK4099: PDB 'cef_sandbox.cc.pdb' was not found with 'cef_sandbox.lib(cef_sandbox.sandbox_win.obj)' or at 'C:\projects\rb-chrome\cef_binary_3.2171.1979_windows32\rbChrome\Release\cef_sandbox.cc.pdb'; linking object as if no debug info
     1>cef_sandbox.lib(base_static.pe_image.obj) : warning LNK4099: PDB 'base_static.cc.pdb' was not found with 'cef_sandbox.lib(base_static.pe_image.obj)' or at 'C:\projects\rb-chrome\cef_binary_3.2171.1979_windows32\rbChrome\Release\base_static.cc.pdb'; linking object as if no debug info
     1>cef_sandbox.lib(base_static.base_switches.obj) : warning LNK4099: PDB 'base_static.cc.pdb' was not found with 'cef_sandbox.lib(base_static.base_switches.obj)' or at 'C:\projects\rb-chrome\cef_binary_3.2171.1979_windows32\rbChrome\Release\base_static.cc.pdb'; linking object as if no debug info
     1>cef_sandbox.lib(base_static.precompile.obj) : warning LNK4099: PDB 'base_static.cc.pdb' was not found with 'cef_sandbox.lib(base_static.precompile.obj)' or at 'C:\projects\rb-chrome\cef_binary_3.2171.1979_windows32\rbChrome\Release\base_static.cc.pdb'; linking object as if no debug info
     1>cef_sandbox.lib(base.windows_version.obj) : warning LNK4099: PDB 'base.cc.pdb' was not found with 'cef_sandbox.lib(base.windows_version.obj)' or at 'C:\projects\rb-chrome\cef_binary_3.2171.1979_windows32\rbChrome\Release\base.cc.pdb'; linking object as if no debug info
     1>cef_sandbox.lib(base.startup_information.obj) : warning LNK4099: PDB 'base.cc.pdb' was not found with 'cef_sandbox.lib(base.startup_information.obj)' or at 'C:\projects\rb-chrome\cef_binary_3.2171.1979_windows32\rbChrome\Release\base.cc.pdb'; linking object as if no debug info
     1>cef_sandbox.lib(base.scoped_process_information.obj) : warning LNK4099: PDB 'base.cc.pdb' was not found with 'cef_sandbox.lib(base.scoped_process_information.obj)' or at 'C:\projects\rb-chrome\cef_binary_3.2171.1979_windows32\rbChrome\Release\base.cc.pdb'; linking object as if no debug info
     1>cef_sandbox.lib(base.scoped_handle.obj) : warning LNK4099: PDB 'base.cc.pdb' was not found with 'cef_sandbox.lib(base.scoped_handle.obj)' or at 'C:\projects\rb-chrome\cef_binary_3.2171.1979_windows32\rbChrome\Release\base.cc.pdb'; linking object as if no debug info
     1>cef_sandbox.lib(base.registry.obj) : warning LNK4099: PDB 'base.cc.pdb' was not found with 'cef_sandbox.lib(base.registry.obj)' or at 'C:\projects\rb-chrome\cef_binary_3.2171.1979_windows32\rbChrome\Release\base.cc.pdb'; linking object as if no debug info
     1>cef_sandbox.lib(base.vlog.obj) : warning LNK4099: PDB 'base.cc.pdb' was not found with 'cef_sandbox.lib(base.vlog.obj)' or at 'C:\projects\rb-chrome\cef_binary_3.2171.1979_windows32\rbChrome\Release\base.cc.pdb'; linking object as if no debug info
     1>cef_sandbox.lib(base.tracked_objects.obj) : warning LNK4099: PDB 'base.cc.pdb' was not found with 'cef_sandbox.lib(base.tracked_objects.obj)' or at 'C:\projects\rb-chrome\cef_binary_3.2171.1979_windows32\rbChrome\Release\base.cc.pdb'; linking object as if no debug info
     1>cef_sandbox.lib(base.time_win.obj) : warning LNK4099: PDB 'base.cc.pdb' was not found with 'cef_sandbox.lib(base.time_win.obj)' or at 'C:\projects\rb-chrome\cef_binary_3.2171.1979_windows32\rbChrome\Release\base.cc.pdb'; linking object as if no debug info
     1>cef_sandbox.lib(base.time.obj) : warning LNK4099: PDB 'base.cc.pdb' was not found with 'cef_sandbox.lib(base.time.obj)' or at 'C:\projects\rb-chrome\cef_binary_3.2171.1979_windows32\rbChrome\Release\base.cc.pdb'; linking object as if no debug info
     1>cef_sandbox.lib(base.thread_local_storage_win.obj) : warning LNK4099: PDB 'base.cc.pdb' was not found with 'cef_sandbox.lib(base.thread_local_storage_win.obj)' or at 'C:\projects\rb-chrome\cef_binary_3.2171.1979_windows32\rbChrome\Release\base.cc.pdb'; linking object as if no debug info
     1>cef_sandbox.lib(base.thread_local_storage.obj) : warning LNK4099: PDB 'base.cc.pdb' was not found with 'cef_sandbox.lib(base.thread_local_storage.obj)' or at 'C:\projects\rb-chrome\cef_binary_3.2171.1979_windows32\rbChrome\Release\base.cc.pdb'; linking object as if no debug info
     1>cef_sandbox.lib(base.thread_id_name_manager.obj) : warning LNK4099: PDB 'base.cc.pdb' was not found with 'cef_sandbox.lib(base.thread_id_name_manager.obj)' or at 'C:\projects\rb-chrome\cef_binary_3.2171.1979_windows32\rbChrome\Release\base.cc.pdb'; linking object as if no debug info
     1>cef_sandbox.lib(base.platform_thread_win.obj) : warning LNK4099: PDB 'base.cc.pdb' was not found with 'cef_sandbox.lib(base.platform_thread_win.obj)' or at 'C:\projects\rb-chrome\cef_binary_3.2171.1979_windows32\rbChrome\Release\base.cc.pdb'; linking object as if no debug info
     1>cef_sandbox.lib(base.lock_impl_win.obj) : warning LNK4099: PDB 'base.cc.pdb' was not found with 'cef_sandbox.lib(base.lock_impl_win.obj)' or at 'C:\projects\rb-chrome\cef_binary_3.2171.1979_windows32\rbChrome\Release\base.cc.pdb'; linking object as if no debug info
     1>cef_sandbox.lib(base.utf_string_conversions.obj) : warning LNK4099: PDB 'base.cc.pdb' was not found with 'cef_sandbox.lib(base.utf_string_conversions.obj)' or at 'C:\projects\rb-chrome\cef_binary_3.2171.1979_windows32\rbChrome\Release\base.cc.pdb'; linking object as if no debug info
     1>cef_sandbox.lib(base.utf_string_conversion_utils.obj) : warning LNK4099: PDB 'base.cc.pdb' was not found with 'cef_sandbox.lib(base.utf_string_conversion_utils.obj)' or at 'C:\projects\rb-chrome\cef_binary_3.2171.1979_windows32\rbChrome\Release\base.cc.pdb'; linking object as if no debug info
     1>cef_sandbox.lib(base.stringprintf.obj) : warning LNK4099: PDB 'base.cc.pdb' was not found with 'cef_sandbox.lib(base.stringprintf.obj)' or at 'C:\projects\rb-chrome\cef_binary_3.2171.1979_windows32\rbChrome\Release\base.cc.pdb'; linking object as if no debug info
     1>cef_sandbox.lib(base.string_util_constants.obj) : warning LNK4099: PDB 'base.cc.pdb' was not found with 'cef_sandbox.lib(base.string_util_constants.obj)' or at 'C:\projects\rb-chrome\cef_binary_3.2171.1979_windows32\rbChrome\Release\base.cc.pdb'; linking object as if no debug info
     1>cef_sandbox.lib(base.string_util.obj) : warning LNK4099: PDB 'base.cc.pdb' was not found with 'cef_sandbox.lib(base.string_util.obj)' or at 'C:\projects\rb-chrome\cef_binary_3.2171.1979_windows32\rbChrome\Release\base.cc.pdb'; linking object as if no debug info
     1>cef_sandbox.lib(base.string_piece.obj) : warning LNK4099: PDB 'base.cc.pdb' was not found with 'cef_sandbox.lib(base.string_piece.obj)' or at 'C:\projects\rb-chrome\cef_binary_3.2171.1979_windows32\rbChrome\Release\base.cc.pdb'; linking object as if no debug info
     1>cef_sandbox.lib(base.string_split.obj) : warning LNK4099: PDB 'base.cc.pdb' was not found with 'cef_sandbox.lib(base.string_split.obj)' or at 'C:\projects\rb-chrome\cef_binary_3.2171.1979_windows32\rbChrome\Release\base.cc.pdb'; linking object as if no debug info
     1>cef_sandbox.lib(base.string_number_conversions.obj) : warning LNK4099: PDB 'base.cc.pdb' was not found with 'cef_sandbox.lib(base.string_number_conversions.obj)' or at 'C:\projects\rb-chrome\cef_binary_3.2171.1979_windows32\rbChrome\Release\base.cc.pdb'; linking object as if no debug info
     1>cef_sandbox.lib(base.tracked_time.obj) : warning LNK4099: PDB 'base.cc.pdb' was not found with 'cef_sandbox.lib(base.tracked_time.obj)' or at 'C:\projects\rb-chrome\cef_binary_3.2171.1979_windows32\rbChrome\Release\base.cc.pdb'; linking object as if no debug info
     1>cef_sandbox.lib(base.alternate_timer.obj) : warning LNK4099: PDB 'base.cc.pdb' was not found with 'cef_sandbox.lib(base.alternate_timer.obj)' or at 'C:\projects\rb-chrome\cef_binary_3.2171.1979_windows32\rbChrome\Release\base.cc.pdb'; linking object as if no debug info
     1>cef_sandbox.lib(base.process_handle_win.obj) : warning LNK4099: PDB 'base.cc.pdb' was not found with 'cef_sandbox.lib(base.process_handle_win.obj)' or at 'C:\projects\rb-chrome\cef_binary_3.2171.1979_windows32\rbChrome\Release\base.cc.pdb'; linking object as if no debug info
     1>cef_sandbox.lib(base.pickle.obj) : warning LNK4099: PDB 'base.cc.pdb' was not found with 'cef_sandbox.lib(base.pickle.obj)' or at 'C:\projects\rb-chrome\cef_binary_3.2171.1979_windows32\rbChrome\Release\base.cc.pdb'; linking object as if no debug info
     1>cef_sandbox.lib(base.singleton.obj) : warning LNK4099: PDB 'base.cc.pdb' was not found with 'cef_sandbox.lib(base.singleton.obj)' or at 'C:\projects\rb-chrome\cef_binary_3.2171.1979_windows32\rbChrome\Release\base.cc.pdb'; linking object as if no debug info
     1>cef_sandbox.lib(base.ref_counted.obj) : warning LNK4099: PDB 'base.cc.pdb' was not found with 'cef_sandbox.lib(base.ref_counted.obj)' or at 'C:\projects\rb-chrome\cef_binary_3.2171.1979_windows32\rbChrome\Release\base.cc.pdb'; linking object as if no debug info
     1>cef_sandbox.lib(base.logging.obj) : warning LNK4099: PDB 'base.cc.pdb' was not found with 'cef_sandbox.lib(base.logging.obj)' or at 'C:\projects\rb-chrome\cef_binary_3.2171.1979_windows32\rbChrome\Release\base.cc.pdb'; linking object as if no debug info
     1>cef_sandbox.lib(base.location.obj) : warning LNK4099: PDB 'base.cc.pdb' was not found with 'cef_sandbox.lib(base.location.obj)' or at 'C:\projects\rb-chrome\cef_binary_3.2171.1979_windows32\rbChrome\Release\base.cc.pdb'; linking object as if no debug info
     1>cef_sandbox.lib(base.lazy_instance.obj) : warning LNK4099: PDB 'base.cc.pdb' was not found with 'cef_sandbox.lib(base.lazy_instance.obj)' or at 'C:\projects\rb-chrome\cef_binary_3.2171.1979_windows32\rbChrome\Release\base.cc.pdb'; linking object as if no debug info
     1>cef_sandbox.lib(base.hash.obj) : warning LNK4099: PDB 'base.cc.pdb' was not found with 'cef_sandbox.lib(base.hash.obj)' or at 'C:\projects\rb-chrome\cef_binary_3.2171.1979_windows32\rbChrome\Release\base.cc.pdb'; linking object as if no debug info
     1>cef_sandbox.lib(base.file_path_constants.obj) : warning LNK4099: PDB 'base.cc.pdb' was not found with 'cef_sandbox.lib(base.file_path_constants.obj)' or at 'C:\projects\rb-chrome\cef_binary_3.2171.1979_windows32\rbChrome\Release\base.cc.pdb'; linking object as if no debug info
     1>cef_sandbox.lib(base.file_path.obj) : warning LNK4099: PDB 'base.cc.pdb' was not found with 'cef_sandbox.lib(base.file_path.obj)' or at 'C:\projects\rb-chrome\cef_binary_3.2171.1979_windows32\rbChrome\Release\base.cc.pdb'; linking object as if no debug info
     1>cef_sandbox.lib(base.profiler.obj) : warning LNK4099: PDB 'base.cc.pdb' was not found with 'cef_sandbox.lib(base.profiler.obj)' or at 'C:\projects\rb-chrome\cef_binary_3.2171.1979_windows32\rbChrome\Release\base.cc.pdb'; linking object as if no debug info
     1>cef_sandbox.lib(base.debugger_win.obj) : warning LNK4099: PDB 'base.cc.pdb' was not found with 'cef_sandbox.lib(base.debugger_win.obj)' or at 'C:\projects\rb-chrome\cef_binary_3.2171.1979_windows32\rbChrome\Release\base.cc.pdb'; linking object as if no debug info
     1>cef_sandbox.lib(base.debugger.obj) : warning LNK4099: PDB 'base.cc.pdb' was not found with 'cef_sandbox.lib(base.debugger.obj)' or at 'C:\projects\rb-chrome\cef_binary_3.2171.1979_windows32\rbChrome\Release\base.cc.pdb'; linking object as if no debug info
     1>cef_sandbox.lib(base.alias.obj) : warning LNK4099: PDB 'base.cc.pdb' was not found with 'cef_sandbox.lib(base.alias.obj)' or at 'C:\projects\rb-chrome\cef_binary_3.2171.1979_windows32\rbChrome\Release\base.cc.pdb'; linking object as if no debug info
     1>cef_sandbox.lib(base.cpu.obj) : warning LNK4099: PDB 'base.cc.pdb' was not found with 'cef_sandbox.lib(base.cpu.obj)' or at 'C:\projects\rb-chrome\cef_binary_3.2171.1979_windows32\rbChrome\Release\base.cc.pdb'; linking object as if no debug info
     1>cef_sandbox.lib(base.command_line.obj) : warning LNK4099: PDB 'base.cc.pdb' was not found with 'cef_sandbox.lib(base.command_line.obj)' or at 'C:\projects\rb-chrome\cef_binary_3.2171.1979_windows32\rbChrome\Release\base.cc.pdb'; linking object as if no debug info
     1>cef_sandbox.lib(base.callback_internal.obj) : warning LNK4099: PDB 'base.cc.pdb' was not found with 'cef_sandbox.lib(base.callback_internal.obj)' or at 'C:\projects\rb-chrome\cef_binary_3.2171.1979_windows32\rbChrome\Release\base.cc.pdb'; linking object as if no debug info
     1>cef_sandbox.lib(base.at_exit.obj) : warning LNK4099: PDB 'base.cc.pdb' was not found with 'cef_sandbox.lib(base.at_exit.obj)' or at 'C:\projects\rb-chrome\cef_binary_3.2171.1979_windows32\rbChrome\Release\base.cc.pdb'; linking object as if no debug info
     1>cef_sandbox.lib(base.superfasthash.obj) : warning LNK4099: PDB 'base.c.pdb' was not found with 'cef_sandbox.lib(base.superfasthash.obj)' or at 'C:\projects\rb-chrome\cef_binary_3.2171.1979_windows32\rbChrome\Release\base.c.pdb'; linking object as if no debug info
     1>cef_sandbox.lib(base.prtime.obj) : warning LNK4099: PDB 'base.cc.pdb' was not found with 'cef_sandbox.lib(base.prtime.obj)' or at 'C:\projects\rb-chrome\cef_binary_3.2171.1979_windows32\rbChrome\Release\base.cc.pdb'; linking object as if no debug info
     1>cef_sandbox.lib(base.icu_utf.obj) : warning LNK4099: PDB 'base.cc.pdb' was not found with 'cef_sandbox.lib(base.icu_utf.obj)' or at 'C:\projects\rb-chrome\cef_binary_3.2171.1979_windows32\rbChrome\Release\base.cc.pdb'; linking object as if no debug info
     1>cef_sandbox.lib(base.dtoa_wrapper.obj) : warning LNK4099: PDB 'base.cc.pdb' was not found with 'cef_sandbox.lib(base.dtoa_wrapper.obj)' or at 'C:\projects\rb-chrome\cef_binary_3.2171.1979_windows32\rbChrome\Release\base.cc.pdb'; linking object as if no debug info
     1>cef_sandbox.lib(base.g_fmt.obj) : warning LNK4099: PDB 'base.cc.pdb' was not found with 'cef_sandbox.lib(base.g_fmt.obj)' or at 'C:\projects\rb-chrome\cef_binary_3.2171.1979_windows32\rbChrome\Release\base.cc.pdb'; linking object as if no debug info
     1>cef_sandbox.lib(base.precompile.obj) : warning LNK4099: PDB 'base.cc.pdb' was not found with 'cef_sandbox.lib(base.precompile.obj)' or at 'C:\projects\rb-chrome\cef_binary_3.2171.1979_windows32\rbChrome\Release\base.cc.pdb'; linking object as if no debug info
         rbChrome.vcxproj -> C:\projects\rb-chrome\cef_binary_3.2171.1979_windows32\rbChrome\Release\rbChrome.dll
     1>Done Building Project "C:\projects\rb-chrome\cef_binary_3.2171.1979_windows32\rbChrome\rbChrome.vcxproj" (Build target(s)).

Build succeeded.

Time Elapsed 00:00:10.32
